<?xml version="1.0" encoding="UTF-8"?><testrun duration="901" footerText="Generated by IntelliJ IDEA on 9/11/23, 3:40 AM" name="CpuTest">
    <count name="total" value="130"/>
    <count name="failed" value="8"/>
    <count name="passed" value="122"/>
    <config nameIsGenerated="true" configId="JUnit" name="CpuTest">
        <module name="emulator"/>
        <extension name="coverage">
            <pattern>
                <option name="PATTERN" value="spec.*"/>
                <option name="ENABLED" value="true"/>
            </pattern>
        </extension>
        <option name="PACKAGE_NAME" value="spec"/>
        <option name="MAIN_CLASS_NAME" value="spec.CpuTest"/>
        <option name="TEST_OBJECT" value="class"/>
        <method v="2">
            <option name="Make" enabled="true"/>
        </method>
    </config>
    <root name="CpuTest" comment="spec" location="java:suite://spec.CpuTest">
        <output type="stdout">C:\Java\jdk-11\bin\java.exe -ea -Didea.test.cyclic.buffer.size=1048576 -javaagent:C:\Java\idea-2023.1.1\lib\idea_rt.jar=51269:C:\Java\idea-2023.1.1\bin -Dfile.encoding=UTF-8 -classpath C:\Java\idea-2023.1.1\lib\idea_rt.jar;C:\Java\idea-2023.1.1\plugins\junit\lib\junit5-rt.jar;C:\Java\idea-2023.1.1\plugins\junit\lib\junit-rt.jar;C:\Users\Oleksandr_Baglai\Desktop\888\8080-emulator\target\test-classes;C:\Users\Oleksandr_Baglai\Desktop\888\8080-emulator\target\classes;C:\Users\Oleksandr_Baglai\.m2\repository\junit\junit\4.13.2\junit-4.13.2.jar;C:\Users\Oleksandr_Baglai\.m2\repository\org\hamcrest\hamcrest-core\1.3\hamcrest-core-1.3.jar;C:\Users\Oleksandr_Baglai\.m2\repository\org\mockito\mockito-core\4.2.0\mockito-core-4.2.0.jar;C:\Users\Oleksandr_Baglai\.m2\repository\net\bytebuddy\byte-buddy\1.12.4\byte-buddy-1.12.4.jar;C:\Users\Oleksandr_Baglai\.m2\repository\net\bytebuddy\byte-buddy-agent\1.12.4\byte-buddy-agent-1.12.4.jar;C:\Users\Oleksandr_Baglai\.m2\repository\org\objenesis\objenesis\3.2\objenesis-3.2.jar;C:\Users\Oleksandr_Baglai\.m2\repository\org\w3c\dom\2.3.0-jaxb-1.0.6\dom-2.3.0-jaxb-1.0.6.jar;C:\Users\Oleksandr_Baglai\.m2\repository\com\github\javaparser\javaparser-core\3.25.5\javaparser-core-3.25.5.jar com.intellij.rt.junit.JUnitStarter -ideVersion5 -junit4 spec.CpuTest
Process finished with exit code -1
</output>
    </root>
    <test duration="484" locationUrl="java:test://spec.CpuTest/code3D__DCR_A" name="CpuTest.code3D__DCR_A" status="passed"/>
    <test duration="9" locationUrl="java:test://spec.CpuTest/code74__MOV_M_H" name="CpuTest.code74__MOV_M_H" status="passed"/>
    <test duration="10" locationUrl="java:test://spec.CpuTest/code5F__MOV_E_A" name="CpuTest.code5F__MOV_E_A" status="passed"/>
    <test duration="8" locationUrl="java:test://spec.CpuTest/code50__MOV_D_B" name="CpuTest.code50__MOV_D_B" status="passed"/>
    <test duration="8" locationUrl="java:test://spec.CpuTest/code49__MOV_C_C" name="CpuTest.code49__MOV_C_C" status="passed"/>
    <test duration="6" locationUrl="java:test://spec.CpuTest/code18__NONE" name="CpuTest.code18__NONE" status="passed"/>
    <test duration="6" locationUrl="java:test://spec.CpuTest/codeFD__NONE" name="CpuTest.codeFD__NONE" status="passed"/>
    <test duration="5" locationUrl="java:test://spec.CpuTest/code73__MOV_M_E" name="CpuTest.code73__MOV_M_E" status="passed"/>
    <test duration="5" locationUrl="java:test://spec.CpuTest/code5E__MOV_E_M" name="CpuTest.code5E__MOV_E_M" status="passed"/>
    <test duration="7" locationUrl="java:test://spec.CpuTest/code48__MOV_C_B" name="CpuTest.code48__MOV_C_B" status="passed"/>
    <test duration="4" locationUrl="java:test://spec.CpuTest/code72__MOV_M_D" name="CpuTest.code72__MOV_M_D" status="passed"/>
    <test duration="4" locationUrl="java:test://spec.CpuTest/code1A__LDAX_D" name="CpuTest.code1A__LDAX_D" status="passed"/>
    <test duration="5" locationUrl="java:test://spec.CpuTest/code5D__MOV_E_L" name="CpuTest.code5D__MOV_E_L" status="passed"/>
    <test duration="5" locationUrl="java:test://spec.CpuTest/code47__MOV_B_A" name="CpuTest.code47__MOV_B_A" status="passed"/>
    <test duration="5" locationUrl="java:test://spec.CpuTest/code00__NOP" name="CpuTest.code00__NOP" status="passed"/>
    <test duration="14" locationUrl="java:test://spec.CpuTest/code71__MOV_M_C" name="CpuTest.code71__MOV_M_C" status="passed"/>
    <test duration="3" locationUrl="java:test://spec.CpuTest/code0A__LDAX_B" name="CpuTest.code0A__LDAX_B" status="passed"/>
    <test duration="5" locationUrl="java:test://spec.CpuTest/code22__SHLD_XXYY" name="CpuTest.code22__SHLD_XXYY" status="passed"/>
    <test duration="3" locationUrl="java:test://spec.CpuTest/code5C__MOV_E_H" name="CpuTest.code5C__MOV_E_H" status="passed"/>
    <test duration="2" locationUrl="java:test://spec.CpuTest/code21__LXI_H_XXYY" name="CpuTest.code21__LXI_H_XXYY" status="passed"/>
    <test duration="3" locationUrl="java:test://spec.CpuTest/code16__MVI_D" name="CpuTest.code16__MVI_D" status="passed"/>
    <test duration="4" locationUrl="java:test://spec.CpuTest/code46__MOV_B_M" name="CpuTest.code46__MOV_B_M" status="passed"/>
    <test duration="4" locationUrl="java:test://spec.CpuTest/code05__DCR_B" name="CpuTest.code05__DCR_B" status="passed"/>
    <test duration="17" locationUrl="java:test://spec.CpuTest/code7F__MOV_A_A" name="CpuTest.code7F__MOV_A_A" status="failed">
        <diff actual="BC:  1234&#10;DE:  5678&#10;HL:  9ABC&#10;AF:  0102&#10;SP:  DEF0&#10;PC:  0010&#10;B,C: 12 34&#10;D,E: 56 78&#10;H,L: 9A BC&#10;M:   00&#10;A,F: 01 02&#10;     76543210 76543210&#10;SP:  11011110 11110000&#10;PC:  00000000 00010000&#10;     76543210&#10;B:   00010010&#10;C:   00110100&#10;D:   01010110&#10;E:   01111000&#10;H:   10011010&#10;L:   10111100&#10;M:   00000000&#10;A:   00000001&#10;     sz0h0p1c&#10;F:   00000010&#10;ts:  false&#10;tz:  false&#10;th:  false&#10;tp:  false&#10;tc:  false&#10;" expected="BC:  1234&#10;DE:  5678&#10;HL:  9A01&#10;AF:  0102&#10;SP:  DEF0&#10;PC:  0010&#10;B,C: 12 34&#10;D,E: 56 78&#10;H,L: 9A 01&#10;M:   00&#10;A,F: 01 02&#10;     76543210 76543210&#10;SP:  11011110 11110000&#10;PC:  00000000 00010000&#10;     76543210&#10;B:   00010010&#10;C:   00110100&#10;D:   01010110&#10;E:   01111000&#10;H:   10011010&#10;L:   00000001&#10;M:   00000000&#10;A:   00000001&#10;     sz0h0p1c&#10;F:   00000010&#10;ts:  false&#10;tz:  false&#10;th:  false&#10;tp:  false&#10;tc:  false&#10;"/>
        <output type="stderr">org.junit.ComparisonFailure: &#13;
	at org.junit.Assert.assertEquals(Assert.java:117)&#13;
	at org.junit.Assert.assertEquals(Assert.java:146)&#13;
	at spec.stuff.SmartAssert.assertEquals(SmartAssert.java:42)&#13;
	at spec.stuff.AbstractTest.asrtCpu(AbstractTest.java:103)&#13;
	at spec.CpuTest.code7F__MOV_A_A(CpuTest.java:6829)&#13;
	at java.base/jdk.internal.reflect.NativeMethodAccessorImpl.invoke0(Native Method)&#13;
	at java.base/jdk.internal.reflect.NativeMethodAccessorImpl.invoke(NativeMethodAccessorImpl.java:62)&#13;
	at java.base/jdk.internal.reflect.DelegatingMethodAccessorImpl.invoke(DelegatingMethodAccessorImpl.java:43)&#13;
	at java.base/java.lang.reflect.Method.invoke(Method.java:566)&#13;
	at org.junit.runners.model.FrameworkMethod$1.runReflectiveCall(FrameworkMethod.java:59)&#13;
	at org.junit.internal.runners.model.ReflectiveCallable.run(ReflectiveCallable.java:12)&#13;
	at org.junit.runners.model.FrameworkMethod.invokeExplosively(FrameworkMethod.java:56)&#13;
	at org.junit.internal.runners.statements.InvokeMethod.evaluate(InvokeMethod.java:17)&#13;
	at org.junit.internal.runners.statements.RunBefores.evaluate(RunBefores.java:26)&#13;
	at org.junit.internal.runners.statements.RunAfters.evaluate(RunAfters.java:27)&#13;
	at org.junit.runners.ParentRunner$3.evaluate(ParentRunner.java:306)&#13;
	at org.junit.runners.BlockJUnit4ClassRunner$1.evaluate(BlockJUnit4ClassRunner.java:100)&#13;
	at org.junit.runners.ParentRunner.runLeaf(ParentRunner.java:366)&#13;
	at org.junit.runners.BlockJUnit4ClassRunner.runChild(BlockJUnit4ClassRunner.java:103)&#13;
	at org.junit.runners.BlockJUnit4ClassRunner.runChild(BlockJUnit4ClassRunner.java:63)&#13;
	at org.junit.runners.ParentRunner$4.run(ParentRunner.java:331)&#13;
	at org.junit.runners.ParentRunner$1.schedule(ParentRunner.java:79)&#13;
	at org.junit.runners.ParentRunner.runChildren(ParentRunner.java:329)&#13;
	at org.junit.runners.ParentRunner.access$100(ParentRunner.java:66)&#13;
	at org.junit.runners.ParentRunner$2.evaluate(ParentRunner.java:293)&#13;
	at org.junit.runners.ParentRunner$3.evaluate(ParentRunner.java:306)&#13;
	at org.junit.runners.ParentRunner.run(ParentRunner.java:413)&#13;
	at org.junit.runner.JUnitCore.run(JUnitCore.java:137)&#13;
	at com.intellij.junit4.JUnit4IdeaTestRunner.startRunnerWithArgs(JUnit4IdeaTestRunner.java:69)&#13;
	at com.intellij.rt.junit.IdeaTestRunner$Repeater$1.execute(IdeaTestRunner.java:38)&#13;
	at com.intellij.rt.execution.junit.TestsRepeater.repeat(TestsRepeater.java:11)&#13;
	at com.intellij.rt.junit.IdeaTestRunner$Repeater.startRunnerWithArgs(IdeaTestRunner.java:35)&#13;
	at com.intellij.rt.junit.JUnitStarter.prepareStreamsAndStart(JUnitStarter.java:232)&#13;
	at com.intellij.rt.junit.JUnitStarter.main(JUnitStarter.java:55)&#13;
</output>
    </test>
    <test duration="4" locationUrl="java:test://spec.CpuTest/code70__MOV_M_B" name="CpuTest.code70__MOV_M_B" status="passed"/>
    <test duration="3" locationUrl="java:test://spec.CpuTest/code69__MOV_L_C" name="CpuTest.code69__MOV_L_C" status="passed"/>
    <test duration="10" locationUrl="java:test://spec.CpuTest/code5B__MOV_E_E" name="CpuTest.code5B__MOV_E_E" status="passed"/>
    <test duration="3" locationUrl="java:test://spec.CpuTest/code34__INR_M__c0" name="CpuTest.code34__INR_M__c0" status="passed"/>
    <test duration="2" locationUrl="java:test://spec.CpuTest/code30__NONE" name="CpuTest.code30__NONE" status="passed"/>
    <test duration="2" locationUrl="java:test://spec.CpuTest/code45__MOV_B_L" name="CpuTest.code45__MOV_B_L" status="passed"/>
    <test duration="4" locationUrl="java:test://spec.CpuTest/code7E__MOV_A_M" name="CpuTest.code7E__MOV_A_M" status="failed">
        <diff actual="BC:  1234&#10;DE:  5678&#10;HL:  9ABC&#10;AF:  0002&#10;SP:  DEF0&#10;PC:  0010&#10;B,C: 12 34&#10;D,E: 56 78&#10;H,L: 9A BC&#10;M:   00&#10;A,F: 00 02&#10;     76543210 76543210&#10;SP:  11011110 11110000&#10;PC:  00000000 00010000&#10;     76543210&#10;B:   00010010&#10;C:   00110100&#10;D:   01010110&#10;E:   01111000&#10;H:   10011010&#10;L:   10111100&#10;M:   00000000&#10;A:   00000000&#10;     sz0h0p1c&#10;F:   00000010&#10;ts:  false&#10;tz:  false&#10;th:  false&#10;tp:  false&#10;tc:  false&#10;" expected="BC:  1234&#10;DE:  5678&#10;HL:  9A00&#10;AF:  0102&#10;SP:  DEF0&#10;PC:  0010&#10;B,C: 12 34&#10;D,E: 56 78&#10;H,L: 9A 00&#10;M:   00&#10;A,F: 01 02&#10;     76543210 76543210&#10;SP:  11011110 11110000&#10;PC:  00000000 00010000&#10;     76543210&#10;B:   00010010&#10;C:   00110100&#10;D:   01010110&#10;E:   01111000&#10;H:   10011010&#10;L:   00000000&#10;M:   00000000&#10;A:   00000001&#10;     sz0h0p1c&#10;F:   00000010&#10;ts:  false&#10;tz:  false&#10;th:  false&#10;tp:  false&#10;tc:  false&#10;"/>
        <output type="stderr">org.junit.ComparisonFailure: &#13;
	at org.junit.Assert.assertEquals(Assert.java:117)&#13;
	at org.junit.Assert.assertEquals(Assert.java:146)&#13;
	at spec.stuff.SmartAssert.assertEquals(SmartAssert.java:42)&#13;
	at spec.stuff.AbstractTest.asrtCpu(AbstractTest.java:103)&#13;
	at spec.CpuTest.code7E__MOV_A_M(CpuTest.java:6774)&#13;
	at java.base/jdk.internal.reflect.NativeMethodAccessorImpl.invoke0(Native Method)&#13;
	at java.base/jdk.internal.reflect.NativeMethodAccessorImpl.invoke(NativeMethodAccessorImpl.java:62)&#13;
	at java.base/jdk.internal.reflect.DelegatingMethodAccessorImpl.invoke(DelegatingMethodAccessorImpl.java:43)&#13;
	at java.base/java.lang.reflect.Method.invoke(Method.java:566)&#13;
	at org.junit.runners.model.FrameworkMethod$1.runReflectiveCall(FrameworkMethod.java:59)&#13;
	at org.junit.internal.runners.model.ReflectiveCallable.run(ReflectiveCallable.java:12)&#13;
	at org.junit.runners.model.FrameworkMethod.invokeExplosively(FrameworkMethod.java:56)&#13;
	at org.junit.internal.runners.statements.InvokeMethod.evaluate(InvokeMethod.java:17)&#13;
	at org.junit.internal.runners.statements.RunBefores.evaluate(RunBefores.java:26)&#13;
	at org.junit.internal.runners.statements.RunAfters.evaluate(RunAfters.java:27)&#13;
	at org.junit.runners.ParentRunner$3.evaluate(ParentRunner.java:306)&#13;
	at org.junit.runners.BlockJUnit4ClassRunner$1.evaluate(BlockJUnit4ClassRunner.java:100)&#13;
	at org.junit.runners.ParentRunner.runLeaf(ParentRunner.java:366)&#13;
	at org.junit.runners.BlockJUnit4ClassRunner.runChild(BlockJUnit4ClassRunner.java:103)&#13;
	at org.junit.runners.BlockJUnit4ClassRunner.runChild(BlockJUnit4ClassRunner.java:63)&#13;
	at org.junit.runners.ParentRunner$4.run(ParentRunner.java:331)&#13;
	at org.junit.runners.ParentRunner$1.schedule(ParentRunner.java:79)&#13;
	at org.junit.runners.ParentRunner.runChildren(ParentRunner.java:329)&#13;
	at org.junit.runners.ParentRunner.access$100(ParentRunner.java:66)&#13;
	at org.junit.runners.ParentRunner$2.evaluate(ParentRunner.java:293)&#13;
	at org.junit.runners.ParentRunner$3.evaluate(ParentRunner.java:306)&#13;
	at org.junit.runners.ParentRunner.run(ParentRunner.java:413)&#13;
	at org.junit.runner.JUnitCore.run(JUnitCore.java:137)&#13;
	at com.intellij.junit4.JUnit4IdeaTestRunner.startRunnerWithArgs(JUnit4IdeaTestRunner.java:69)&#13;
	at com.intellij.rt.junit.IdeaTestRunner$Repeater$1.execute(IdeaTestRunner.java:38)&#13;
	at com.intellij.rt.execution.junit.TestsRepeater.repeat(TestsRepeater.java:11)&#13;
	at com.intellij.rt.junit.IdeaTestRunner$Repeater.startRunnerWithArgs(IdeaTestRunner.java:35)&#13;
	at com.intellij.rt.junit.JUnitStarter.prepareStreamsAndStart(JUnitStarter.java:232)&#13;
	at com.intellij.rt.junit.JUnitStarter.main(JUnitStarter.java:55)&#13;
</output>
    </test>
    <test duration="2" locationUrl="java:test://spec.CpuTest/codeDD__NONE" name="CpuTest.codeDD__NONE" status="passed"/>
    <test duration="2" locationUrl="java:test://spec.CpuTest/code68__MOV_L_B" name="CpuTest.code68__MOV_L_B" status="passed"/>
    <test duration="3" locationUrl="java:test://spec.CpuTest/code5A__MOV_E_D" name="CpuTest.code5A__MOV_E_D" status="passed"/>
    <test duration="4" locationUrl="java:test://spec.CpuTest/code11__LXI_D_XXYY" name="CpuTest.code11__LXI_D_XXYY" status="passed"/>
    <test duration="4" locationUrl="java:test://spec.CpuTest/code1E__MVI_E" name="CpuTest.code1E__MVI_E" status="passed"/>
    <test duration="4" locationUrl="java:test://spec.CpuTest/code44__MOV_B_H" name="CpuTest.code44__MOV_B_H" status="passed"/>
    <test duration="3" locationUrl="java:test://spec.CpuTest/code0D__DCR_C" name="CpuTest.code0D__DCR_C" status="passed"/>
    <test duration="3" locationUrl="java:test://spec.CpuTest/code24__INR_H__c0" name="CpuTest.code24__INR_H__c0" status="passed"/>
    <test duration="4" locationUrl="java:test://spec.CpuTest/code7D__MOV_A_L" name="CpuTest.code7D__MOV_A_L" status="failed">
        <diff actual="BC:  1234&#10;DE:  5678&#10;HL:  9ABC&#10;AF:  BC02&#10;SP:  DEF0&#10;PC:  0010&#10;B,C: 12 34&#10;D,E: 56 78&#10;H,L: 9A BC&#10;M:   00&#10;A,F: BC 02&#10;     76543210 76543210&#10;SP:  11011110 11110000&#10;PC:  00000000 00010000&#10;     76543210&#10;B:   00010010&#10;C:   00110100&#10;D:   01010110&#10;E:   01111000&#10;H:   10011010&#10;L:   10111100&#10;M:   00000000&#10;A:   10111100&#10;     sz0h0p1c&#10;F:   00000010&#10;ts:  false&#10;tz:  false&#10;th:  false&#10;tp:  false&#10;tc:  false&#10;" expected="BC:  1234&#10;DE:  5678&#10;HL:  9ABC&#10;AF:  0102&#10;SP:  DEF0&#10;PC:  0010&#10;B,C: 12 34&#10;D,E: 56 78&#10;H,L: 9A BC&#10;M:   00&#10;A,F: 01 02&#10;     76543210 76543210&#10;SP:  11011110 11110000&#10;PC:  00000000 00010000&#10;     76543210&#10;B:   00010010&#10;C:   00110100&#10;D:   01010110&#10;E:   01111000&#10;H:   10011010&#10;L:   10111100&#10;M:   00000000&#10;A:   00000001&#10;     sz0h0p1c&#10;F:   00000010&#10;ts:  false&#10;tz:  false&#10;th:  false&#10;tp:  false&#10;tc:  false&#10;"/>
        <output type="stderr">org.junit.ComparisonFailure: &#13;
	at org.junit.Assert.assertEquals(Assert.java:117)&#13;
	at org.junit.Assert.assertEquals(Assert.java:146)&#13;
	at spec.stuff.SmartAssert.assertEquals(SmartAssert.java:42)&#13;
	at spec.stuff.AbstractTest.asrtCpu(AbstractTest.java:103)&#13;
	at spec.CpuTest.code7D__MOV_A_L(CpuTest.java:6719)&#13;
	at java.base/jdk.internal.reflect.NativeMethodAccessorImpl.invoke0(Native Method)&#13;
	at java.base/jdk.internal.reflect.NativeMethodAccessorImpl.invoke(NativeMethodAccessorImpl.java:62)&#13;
	at java.base/jdk.internal.reflect.DelegatingMethodAccessorImpl.invoke(DelegatingMethodAccessorImpl.java:43)&#13;
	at java.base/java.lang.reflect.Method.invoke(Method.java:566)&#13;
	at org.junit.runners.model.FrameworkMethod$1.runReflectiveCall(FrameworkMethod.java:59)&#13;
	at org.junit.internal.runners.model.ReflectiveCallable.run(ReflectiveCallable.java:12)&#13;
	at org.junit.runners.model.FrameworkMethod.invokeExplosively(FrameworkMethod.java:56)&#13;
	at org.junit.internal.runners.statements.InvokeMethod.evaluate(InvokeMethod.java:17)&#13;
	at org.junit.internal.runners.statements.RunBefores.evaluate(RunBefores.java:26)&#13;
	at org.junit.internal.runners.statements.RunAfters.evaluate(RunAfters.java:27)&#13;
	at org.junit.runners.ParentRunner$3.evaluate(ParentRunner.java:306)&#13;
	at org.junit.runners.BlockJUnit4ClassRunner$1.evaluate(BlockJUnit4ClassRunner.java:100)&#13;
	at org.junit.runners.ParentRunner.runLeaf(ParentRunner.java:366)&#13;
	at org.junit.runners.BlockJUnit4ClassRunner.runChild(BlockJUnit4ClassRunner.java:103)&#13;
	at org.junit.runners.BlockJUnit4ClassRunner.runChild(BlockJUnit4ClassRunner.java:63)&#13;
	at org.junit.runners.ParentRunner$4.run(ParentRunner.java:331)&#13;
	at org.junit.runners.ParentRunner$1.schedule(ParentRunner.java:79)&#13;
	at org.junit.runners.ParentRunner.runChildren(ParentRunner.java:329)&#13;
	at org.junit.runners.ParentRunner.access$100(ParentRunner.java:66)&#13;
	at org.junit.runners.ParentRunner$2.evaluate(ParentRunner.java:293)&#13;
	at org.junit.runners.ParentRunner$3.evaluate(ParentRunner.java:306)&#13;
	at org.junit.runners.ParentRunner.run(ParentRunner.java:413)&#13;
	at org.junit.runner.JUnitCore.run(JUnitCore.java:137)&#13;
	at com.intellij.junit4.JUnit4IdeaTestRunner.startRunnerWithArgs(JUnit4IdeaTestRunner.java:69)&#13;
	at com.intellij.rt.junit.IdeaTestRunner$Repeater$1.execute(IdeaTestRunner.java:38)&#13;
	at com.intellij.rt.execution.junit.TestsRepeater.repeat(TestsRepeater.java:11)&#13;
	at com.intellij.rt.junit.IdeaTestRunner$Repeater.startRunnerWithArgs(IdeaTestRunner.java:35)&#13;
	at com.intellij.rt.junit.JUnitStarter.prepareStreamsAndStart(JUnitStarter.java:232)&#13;
	at com.intellij.rt.junit.JUnitStarter.main(JUnitStarter.java:55)&#13;
</output>
    </test>
    <test duration="2" locationUrl="java:test://spec.CpuTest/code67__MOV_H_A" name="CpuTest.code67__MOV_H_A" status="passed"/>
    <test duration="2" locationUrl="java:test://spec.CpuTest/code43__MOV_B_E" name="CpuTest.code43__MOV_B_E" status="passed"/>
    <test duration="4" locationUrl="java:test://spec.CpuTest/code7C__MOV_A_H" name="CpuTest.code7C__MOV_A_H" status="failed">
        <diff actual="BC:  1234&#10;DE:  5678&#10;HL:  9ABC&#10;AF:  9A02&#10;SP:  DEF0&#10;PC:  0010&#10;B,C: 12 34&#10;D,E: 56 78&#10;H,L: 9A BC&#10;M:   00&#10;A,F: 9A 02&#10;     76543210 76543210&#10;SP:  11011110 11110000&#10;PC:  00000000 00010000&#10;     76543210&#10;B:   00010010&#10;C:   00110100&#10;D:   01010110&#10;E:   01111000&#10;H:   10011010&#10;L:   10111100&#10;M:   00000000&#10;A:   10011010&#10;     sz0h0p1c&#10;F:   00000010&#10;ts:  false&#10;tz:  false&#10;th:  false&#10;tp:  false&#10;tc:  false&#10;" expected="BC:  1234&#10;DE:  5678&#10;HL:  9A9A&#10;AF:  0102&#10;SP:  DEF0&#10;PC:  0010&#10;B,C: 12 34&#10;D,E: 56 78&#10;H,L: 9A 9A&#10;M:   00&#10;A,F: 01 02&#10;     76543210 76543210&#10;SP:  11011110 11110000&#10;PC:  00000000 00010000&#10;     76543210&#10;B:   00010010&#10;C:   00110100&#10;D:   01010110&#10;E:   01111000&#10;H:   10011010&#10;L:   10011010&#10;M:   00000000&#10;A:   00000001&#10;     sz0h0p1c&#10;F:   00000010&#10;ts:  false&#10;tz:  false&#10;th:  false&#10;tp:  false&#10;tc:  false&#10;"/>
        <output type="stderr">org.junit.ComparisonFailure: &#13;
	at org.junit.Assert.assertEquals(Assert.java:117)&#13;
	at org.junit.Assert.assertEquals(Assert.java:146)&#13;
	at spec.stuff.SmartAssert.assertEquals(SmartAssert.java:42)&#13;
	at spec.stuff.AbstractTest.asrtCpu(AbstractTest.java:103)&#13;
	at spec.CpuTest.code7C__MOV_A_H(CpuTest.java:6664)&#13;
	at java.base/jdk.internal.reflect.NativeMethodAccessorImpl.invoke0(Native Method)&#13;
	at java.base/jdk.internal.reflect.NativeMethodAccessorImpl.invoke(NativeMethodAccessorImpl.java:62)&#13;
	at java.base/jdk.internal.reflect.DelegatingMethodAccessorImpl.invoke(DelegatingMethodAccessorImpl.java:43)&#13;
	at java.base/java.lang.reflect.Method.invoke(Method.java:566)&#13;
	at org.junit.runners.model.FrameworkMethod$1.runReflectiveCall(FrameworkMethod.java:59)&#13;
	at org.junit.internal.runners.model.ReflectiveCallable.run(ReflectiveCallable.java:12)&#13;
	at org.junit.runners.model.FrameworkMethod.invokeExplosively(FrameworkMethod.java:56)&#13;
	at org.junit.internal.runners.statements.InvokeMethod.evaluate(InvokeMethod.java:17)&#13;
	at org.junit.internal.runners.statements.RunBefores.evaluate(RunBefores.java:26)&#13;
	at org.junit.internal.runners.statements.RunAfters.evaluate(RunAfters.java:27)&#13;
	at org.junit.runners.ParentRunner$3.evaluate(ParentRunner.java:306)&#13;
	at org.junit.runners.BlockJUnit4ClassRunner$1.evaluate(BlockJUnit4ClassRunner.java:100)&#13;
	at org.junit.runners.ParentRunner.runLeaf(ParentRunner.java:366)&#13;
	at org.junit.runners.BlockJUnit4ClassRunner.runChild(BlockJUnit4ClassRunner.java:103)&#13;
	at org.junit.runners.BlockJUnit4ClassRunner.runChild(BlockJUnit4ClassRunner.java:63)&#13;
	at org.junit.runners.ParentRunner$4.run(ParentRunner.java:331)&#13;
	at org.junit.runners.ParentRunner$1.schedule(ParentRunner.java:79)&#13;
	at org.junit.runners.ParentRunner.runChildren(ParentRunner.java:329)&#13;
	at org.junit.runners.ParentRunner.access$100(ParentRunner.java:66)&#13;
	at org.junit.runners.ParentRunner$2.evaluate(ParentRunner.java:293)&#13;
	at org.junit.runners.ParentRunner$3.evaluate(ParentRunner.java:306)&#13;
	at org.junit.runners.ParentRunner.run(ParentRunner.java:413)&#13;
	at org.junit.runner.JUnitCore.run(JUnitCore.java:137)&#13;
	at com.intellij.junit4.JUnit4IdeaTestRunner.startRunnerWithArgs(JUnit4IdeaTestRunner.java:69)&#13;
	at com.intellij.rt.junit.IdeaTestRunner$Repeater$1.execute(IdeaTestRunner.java:38)&#13;
	at com.intellij.rt.execution.junit.TestsRepeater.repeat(TestsRepeater.java:11)&#13;
	at com.intellij.rt.junit.IdeaTestRunner$Repeater.startRunnerWithArgs(IdeaTestRunner.java:35)&#13;
	at com.intellij.rt.junit.JUnitStarter.prepareStreamsAndStart(JUnitStarter.java:232)&#13;
	at com.intellij.rt.junit.JUnitStarter.main(JUnitStarter.java:55)&#13;
</output>
    </test>
    <test duration="2" locationUrl="java:test://spec.CpuTest/code36__MVI_M" name="CpuTest.code36__MVI_M" status="passed"/>
    <test duration="2" locationUrl="java:test://spec.CpuTest/code66__MOV_H_M" name="CpuTest.code66__MOV_H_M" status="passed"/>
    <test duration="3" locationUrl="java:test://spec.CpuTest/code14__INR_D__c0" name="CpuTest.code14__INR_D__c0" status="passed"/>
    <test duration="3" locationUrl="java:test://spec.CpuTest/code25__DCR_H" name="CpuTest.code25__DCR_H" status="passed"/>
    <test duration="3" locationUrl="java:test://spec.CpuTest/code42__MOV_B_D" name="CpuTest.code42__MOV_B_D" status="passed"/>
    <test duration="2" locationUrl="java:test://spec.CpuTest/code01__LXI_B_XXYY" name="CpuTest.code01__LXI_B_XXYY" status="passed"/>
    <test duration="2" locationUrl="java:test://spec.CpuTest/code29__DAD_H__c0" name="CpuTest.code29__DAD_H__c0" status="passed"/>
    <test duration="3" locationUrl="java:test://spec.CpuTest/code29__DAD_H__c1" name="CpuTest.code29__DAD_H__c1" status="passed"/>
    <test duration="2" locationUrl="java:test://spec.CpuTest/code3A__LDA_XXYY" name="CpuTest.code3A__LDA_XXYY" status="passed"/>
    <test duration="3" locationUrl="java:test://spec.CpuTest/code7B__MOV_A_E" name="CpuTest.code7B__MOV_A_E" status="failed">
        <diff actual="BC:  1234&#10;DE:  5678&#10;HL:  9ABC&#10;AF:  7802&#10;SP:  DEF0&#10;PC:  0010&#10;B,C: 12 34&#10;D,E: 56 78&#10;H,L: 9A BC&#10;M:   00&#10;A,F: 78 02&#10;     76543210 76543210&#10;SP:  11011110 11110000&#10;PC:  00000000 00010000&#10;     76543210&#10;B:   00010010&#10;C:   00110100&#10;D:   01010110&#10;E:   01111000&#10;H:   10011010&#10;L:   10111100&#10;M:   00000000&#10;A:   01111000&#10;     sz0h0p1c&#10;F:   00000010&#10;ts:  false&#10;tz:  false&#10;th:  false&#10;tp:  false&#10;tc:  false&#10;" expected="BC:  1234&#10;DE:  5678&#10;HL:  9A78&#10;AF:  0102&#10;SP:  DEF0&#10;PC:  0010&#10;B,C: 12 34&#10;D,E: 56 78&#10;H,L: 9A 78&#10;M:   00&#10;A,F: 01 02&#10;     76543210 76543210&#10;SP:  11011110 11110000&#10;PC:  00000000 00010000&#10;     76543210&#10;B:   00010010&#10;C:   00110100&#10;D:   01010110&#10;E:   01111000&#10;H:   10011010&#10;L:   01111000&#10;M:   00000000&#10;A:   00000001&#10;     sz0h0p1c&#10;F:   00000010&#10;ts:  false&#10;tz:  false&#10;th:  false&#10;tp:  false&#10;tc:  false&#10;"/>
        <output type="stderr">org.junit.ComparisonFailure: &#13;
	at org.junit.Assert.assertEquals(Assert.java:117)&#13;
	at org.junit.Assert.assertEquals(Assert.java:146)&#13;
	at spec.stuff.SmartAssert.assertEquals(SmartAssert.java:42)&#13;
	at spec.stuff.AbstractTest.asrtCpu(AbstractTest.java:103)&#13;
	at spec.CpuTest.code7B__MOV_A_E(CpuTest.java:6609)&#13;
	at java.base/jdk.internal.reflect.NativeMethodAccessorImpl.invoke0(Native Method)&#13;
	at java.base/jdk.internal.reflect.NativeMethodAccessorImpl.invoke(NativeMethodAccessorImpl.java:62)&#13;
	at java.base/jdk.internal.reflect.DelegatingMethodAccessorImpl.invoke(DelegatingMethodAccessorImpl.java:43)&#13;
	at java.base/java.lang.reflect.Method.invoke(Method.java:566)&#13;
	at org.junit.runners.model.FrameworkMethod$1.runReflectiveCall(FrameworkMethod.java:59)&#13;
	at org.junit.internal.runners.model.ReflectiveCallable.run(ReflectiveCallable.java:12)&#13;
	at org.junit.runners.model.FrameworkMethod.invokeExplosively(FrameworkMethod.java:56)&#13;
	at org.junit.internal.runners.statements.InvokeMethod.evaluate(InvokeMethod.java:17)&#13;
	at org.junit.internal.runners.statements.RunBefores.evaluate(RunBefores.java:26)&#13;
	at org.junit.internal.runners.statements.RunAfters.evaluate(RunAfters.java:27)&#13;
	at org.junit.runners.ParentRunner$3.evaluate(ParentRunner.java:306)&#13;
	at org.junit.runners.BlockJUnit4ClassRunner$1.evaluate(BlockJUnit4ClassRunner.java:100)&#13;
	at org.junit.runners.ParentRunner.runLeaf(ParentRunner.java:366)&#13;
	at org.junit.runners.BlockJUnit4ClassRunner.runChild(BlockJUnit4ClassRunner.java:103)&#13;
	at org.junit.runners.BlockJUnit4ClassRunner.runChild(BlockJUnit4ClassRunner.java:63)&#13;
	at org.junit.runners.ParentRunner$4.run(ParentRunner.java:331)&#13;
	at org.junit.runners.ParentRunner$1.schedule(ParentRunner.java:79)&#13;
	at org.junit.runners.ParentRunner.runChildren(ParentRunner.java:329)&#13;
	at org.junit.runners.ParentRunner.access$100(ParentRunner.java:66)&#13;
	at org.junit.runners.ParentRunner$2.evaluate(ParentRunner.java:293)&#13;
	at org.junit.runners.ParentRunner$3.evaluate(ParentRunner.java:306)&#13;
	at org.junit.runners.ParentRunner.run(ParentRunner.java:413)&#13;
	at org.junit.runner.JUnitCore.run(JUnitCore.java:137)&#13;
	at com.intellij.junit4.JUnit4IdeaTestRunner.startRunnerWithArgs(JUnit4IdeaTestRunner.java:69)&#13;
	at com.intellij.rt.junit.IdeaTestRunner$Repeater$1.execute(IdeaTestRunner.java:38)&#13;
	at com.intellij.rt.execution.junit.TestsRepeater.repeat(TestsRepeater.java:11)&#13;
	at com.intellij.rt.junit.IdeaTestRunner$Repeater.startRunnerWithArgs(IdeaTestRunner.java:35)&#13;
	at com.intellij.rt.junit.JUnitStarter.prepareStreamsAndStart(JUnitStarter.java:232)&#13;
	at com.intellij.rt.junit.JUnitStarter.main(JUnitStarter.java:55)&#13;
</output>
    </test>
    <test duration="2" locationUrl="java:test://spec.CpuTest/code03__INX_B" name="CpuTest.code03__INX_B" status="passed"/>
    <test duration="3" locationUrl="java:test://spec.CpuTest/code65__MOV_H_L" name="CpuTest.code65__MOV_H_L" status="passed"/>
    <test duration="2" locationUrl="java:test://spec.CpuTest/code10__NONE" name="CpuTest.code10__NONE" status="passed"/>
    <test duration="2" locationUrl="java:test://spec.CpuTest/code41__MOV_B_C" name="CpuTest.code41__MOV_B_C" status="passed"/>
    <test duration="2" locationUrl="java:test://spec.CpuTest/code04__INR_B__c0" name="CpuTest.code04__INR_B__c0" status="passed"/>
    <test duration="3" locationUrl="java:test://spec.CpuTest/code7A__MOV_A_D" name="CpuTest.code7A__MOV_A_D" status="failed">
        <diff actual="BC:  1234&#10;DE:  5678&#10;HL:  9ABC&#10;AF:  5602&#10;SP:  DEF0&#10;PC:  0010&#10;B,C: 12 34&#10;D,E: 56 78&#10;H,L: 9A BC&#10;M:   00&#10;A,F: 56 02&#10;     76543210 76543210&#10;SP:  11011110 11110000&#10;PC:  00000000 00010000&#10;     76543210&#10;B:   00010010&#10;C:   00110100&#10;D:   01010110&#10;E:   01111000&#10;H:   10011010&#10;L:   10111100&#10;M:   00000000&#10;A:   01010110&#10;     sz0h0p1c&#10;F:   00000010&#10;ts:  false&#10;tz:  false&#10;th:  false&#10;tp:  false&#10;tc:  false&#10;" expected="BC:  1234&#10;DE:  5678&#10;HL:  9A56&#10;AF:  0102&#10;SP:  DEF0&#10;PC:  0010&#10;B,C: 12 34&#10;D,E: 56 78&#10;H,L: 9A 56&#10;M:   00&#10;A,F: 01 02&#10;     76543210 76543210&#10;SP:  11011110 11110000&#10;PC:  00000000 00010000&#10;     76543210&#10;B:   00010010&#10;C:   00110100&#10;D:   01010110&#10;E:   01111000&#10;H:   10011010&#10;L:   01010110&#10;M:   00000000&#10;A:   00000001&#10;     sz0h0p1c&#10;F:   00000010&#10;ts:  false&#10;tz:  false&#10;th:  false&#10;tp:  false&#10;tc:  false&#10;"/>
        <output type="stderr">org.junit.ComparisonFailure: &#13;
	at org.junit.Assert.assertEquals(Assert.java:117)&#13;
	at org.junit.Assert.assertEquals(Assert.java:146)&#13;
	at spec.stuff.SmartAssert.assertEquals(SmartAssert.java:42)&#13;
	at spec.stuff.AbstractTest.asrtCpu(AbstractTest.java:103)&#13;
	at spec.CpuTest.code7A__MOV_A_D(CpuTest.java:6554)&#13;
	at java.base/jdk.internal.reflect.NativeMethodAccessorImpl.invoke0(Native Method)&#13;
	at java.base/jdk.internal.reflect.NativeMethodAccessorImpl.invoke(NativeMethodAccessorImpl.java:62)&#13;
	at java.base/jdk.internal.reflect.DelegatingMethodAccessorImpl.invoke(DelegatingMethodAccessorImpl.java:43)&#13;
	at java.base/java.lang.reflect.Method.invoke(Method.java:566)&#13;
	at org.junit.runners.model.FrameworkMethod$1.runReflectiveCall(FrameworkMethod.java:59)&#13;
	at org.junit.internal.runners.model.ReflectiveCallable.run(ReflectiveCallable.java:12)&#13;
	at org.junit.runners.model.FrameworkMethod.invokeExplosively(FrameworkMethod.java:56)&#13;
	at org.junit.internal.runners.statements.InvokeMethod.evaluate(InvokeMethod.java:17)&#13;
	at org.junit.internal.runners.statements.RunBefores.evaluate(RunBefores.java:26)&#13;
	at org.junit.internal.runners.statements.RunAfters.evaluate(RunAfters.java:27)&#13;
	at org.junit.runners.ParentRunner$3.evaluate(ParentRunner.java:306)&#13;
	at org.junit.runners.BlockJUnit4ClassRunner$1.evaluate(BlockJUnit4ClassRunner.java:100)&#13;
	at org.junit.runners.ParentRunner.runLeaf(ParentRunner.java:366)&#13;
	at org.junit.runners.BlockJUnit4ClassRunner.runChild(BlockJUnit4ClassRunner.java:103)&#13;
	at org.junit.runners.BlockJUnit4ClassRunner.runChild(BlockJUnit4ClassRunner.java:63)&#13;
	at org.junit.runners.ParentRunner$4.run(ParentRunner.java:331)&#13;
	at org.junit.runners.ParentRunner$1.schedule(ParentRunner.java:79)&#13;
	at org.junit.runners.ParentRunner.runChildren(ParentRunner.java:329)&#13;
	at org.junit.runners.ParentRunner.access$100(ParentRunner.java:66)&#13;
	at org.junit.runners.ParentRunner$2.evaluate(ParentRunner.java:293)&#13;
	at org.junit.runners.ParentRunner$3.evaluate(ParentRunner.java:306)&#13;
	at org.junit.runners.ParentRunner.run(ParentRunner.java:413)&#13;
	at org.junit.runner.JUnitCore.run(JUnitCore.java:137)&#13;
	at com.intellij.junit4.JUnit4IdeaTestRunner.startRunnerWithArgs(JUnit4IdeaTestRunner.java:69)&#13;
	at com.intellij.rt.junit.IdeaTestRunner$Repeater$1.execute(IdeaTestRunner.java:38)&#13;
	at com.intellij.rt.execution.junit.TestsRepeater.repeat(TestsRepeater.java:11)&#13;
	at com.intellij.rt.junit.IdeaTestRunner$Repeater.startRunnerWithArgs(IdeaTestRunner.java:35)&#13;
	at com.intellij.rt.junit.JUnitStarter.prepareStreamsAndStart(JUnitStarter.java:232)&#13;
	at com.intellij.rt.junit.JUnitStarter.main(JUnitStarter.java:55)&#13;
</output>
    </test>
    <test duration="3" locationUrl="java:test://spec.CpuTest/code3E__MVI_A" name="CpuTest.code3E__MVI_A" status="passed"/>
    <test duration="2" locationUrl="java:test://spec.CpuTest/codeCB__NONE" name="CpuTest.codeCB__NONE" status="passed"/>
    <test duration="2" locationUrl="java:test://spec.CpuTest/code64__MOV_H_H" name="CpuTest.code64__MOV_H_H" status="passed"/>
    <test duration="3" locationUrl="java:test://spec.CpuTest/code19__DAD_D__c0" name="CpuTest.code19__DAD_D__c0" status="passed"/>
    <test duration="2" locationUrl="java:test://spec.CpuTest/code19__DAD_D__c1" name="CpuTest.code19__DAD_D__c1" status="passed"/>
    <test duration="2" locationUrl="java:test://spec.CpuTest/code2D__DCR_L" name="CpuTest.code2D__DCR_L" status="passed"/>
    <test duration="2" locationUrl="java:test://spec.CpuTest/code4F__MOV_C_A" name="CpuTest.code4F__MOV_C_A" status="passed"/>
    <test duration="2" locationUrl="java:test://spec.CpuTest/code40__MOV_B_B" name="CpuTest.code40__MOV_B_B" status="passed"/>
    <test duration="1" locationUrl="java:test://spec.CpuTest/code28__NONE" name="CpuTest.code28__NONE" status="passed"/>
    <test duration="2" locationUrl="java:test://spec.CpuTest/code12__STAX_D" name="CpuTest.code12__STAX_D" status="passed"/>
    <test duration="2" locationUrl="java:test://spec.CpuTest/code63__MOV_H_E" name="CpuTest.code63__MOV_H_E" status="passed"/>
    <test duration="2" locationUrl="java:test://spec.CpuTest/code4E__MOV_C_M" name="CpuTest.code4E__MOV_C_M" status="passed"/>
    <test duration="2" locationUrl="java:test://spec.CpuTest/code09__DAD_B__c0" name="CpuTest.code09__DAD_B__c0" status="passed"/>
    <test duration="2" locationUrl="java:test://spec.CpuTest/code09__DAD_B__c1" name="CpuTest.code09__DAD_B__c1" status="passed"/>
    <test duration="2" locationUrl="java:test://spec.CpuTest/code02__STAX_B" name="CpuTest.code02__STAX_B" status="passed"/>
    <test duration="3" locationUrl="java:test://spec.CpuTest/code62__MOV_H_D" name="CpuTest.code62__MOV_H_D" status="passed"/>
    <test duration="2" locationUrl="java:test://spec.CpuTest/code23__INX_H" name="CpuTest.code23__INX_H" status="passed"/>
    <test duration="2" locationUrl="java:test://spec.CpuTest/code4D__MOV_C_L" name="CpuTest.code4D__MOV_C_L" status="passed"/>
    <test duration="2" locationUrl="java:test://spec.CpuTest/code2A__LHLD_XXYY" name="CpuTest.code2A__LHLD_XXYY" status="passed"/>
    <test duration="2" locationUrl="java:test://spec.CpuTest/code33__INX_SP__c0__ignoredOverflow" name="CpuTest.code33__INX_SP__c0__ignoredOverflow" status="passed"/>
    <test duration="3" locationUrl="java:test://spec.CpuTest/code61__MOV_H_C" name="CpuTest.code61__MOV_H_C" status="passed"/>
    <test duration="2" locationUrl="java:test://spec.CpuTest/code4C__MOV_C_H" name="CpuTest.code4C__MOV_C_H" status="passed"/>
    <test duration="2" locationUrl="java:test://spec.CpuTest/code39__DAD_SP__c1" name="CpuTest.code39__DAD_SP__c1" status="passed"/>
    <test duration="2" locationUrl="java:test://spec.CpuTest/code06__MVI_B" name="CpuTest.code06__MVI_B" status="passed"/>
    <test duration="3" locationUrl="java:test://spec.CpuTest/code6F__MOV_L_A" name="CpuTest.code6F__MOV_L_A" status="passed"/>
    <test duration="3" locationUrl="java:test://spec.CpuTest/code60__MOV_H_B" name="CpuTest.code60__MOV_H_B" status="passed"/>
    <test duration="3" locationUrl="java:test://spec.CpuTest/code59__MOV_E_C" name="CpuTest.code59__MOV_E_C" status="passed"/>
    <test duration="3" locationUrl="java:test://spec.CpuTest/code4B__MOV_C_E" name="CpuTest.code4B__MOV_C_E" status="passed"/>
    <test duration="2" locationUrl="java:test://spec.CpuTest/code76__HLT" name="CpuTest.code76__HLT" status="passed"/>
    <test duration="3" locationUrl="java:test://spec.CpuTest/code08__NONE" name="CpuTest.code08__NONE" status="passed"/>
    <test duration="2" locationUrl="java:test://spec.CpuTest/codeED__NONE" name="CpuTest.codeED__NONE" status="passed"/>
    <test duration="3" locationUrl="java:test://spec.CpuTest/code6E__MOV_L_M" name="CpuTest.code6E__MOV_L_M" status="passed"/>
    <test duration="3" locationUrl="java:test://spec.CpuTest/code3C__INR_A__c0" name="CpuTest.code3C__INR_A__c0" status="passed"/>
    <test duration="2" locationUrl="java:test://spec.CpuTest/code58__MOV_E_B" name="CpuTest.code58__MOV_E_B" status="passed"/>
    <test duration="2" locationUrl="java:test://spec.CpuTest/code4A__MOV_C_D" name="CpuTest.code4A__MOV_C_D" status="passed"/>
    <test duration="2" locationUrl="java:test://spec.CpuTest/code0E__MVI_C" name="CpuTest.code0E__MVI_C" status="passed"/>
    <test duration="3" locationUrl="java:test://spec.CpuTest/code6D__MOV_L_L" name="CpuTest.code6D__MOV_L_L" status="passed"/>
    <test duration="2" locationUrl="java:test://spec.CpuTest/code57__MOV_D_A" name="CpuTest.code57__MOV_D_A" status="passed"/>
    <test duration="1" locationUrl="java:test://spec.CpuTest/code2C__INR_L__c0" name="CpuTest.code2C__INR_L__c0" status="passed"/>
    <test duration="2" locationUrl="java:test://spec.CpuTest/code03__INX_B__c0__ignoredOverflow" name="CpuTest.code03__INX_B__c0__ignoredOverflow" status="passed"/>
    <test duration="3" locationUrl="java:test://spec.CpuTest/code6C__MOV_L_H" name="CpuTest.code6C__MOV_L_H" status="passed"/>
    <test duration="3" locationUrl="java:test://spec.CpuTest/code26__MVI_H" name="CpuTest.code26__MVI_H" status="passed"/>
    <test duration="3" locationUrl="java:test://spec.CpuTest/code56__MOV_D_M" name="CpuTest.code56__MOV_D_M" status="passed"/>
    <test duration="2" locationUrl="java:test://spec.CpuTest/code15__DCR_D" name="CpuTest.code15__DCR_D" status="passed"/>
    <test duration="3" locationUrl="java:test://spec.CpuTest/code79__MOV_A_C" name="CpuTest.code79__MOV_A_C" status="failed">
        <diff actual="BC:  1234&#10;DE:  5678&#10;HL:  9ABC&#10;AF:  3402&#10;SP:  DEF0&#10;PC:  0010&#10;B,C: 12 34&#10;D,E: 56 78&#10;H,L: 9A BC&#10;M:   00&#10;A,F: 34 02&#10;     76543210 76543210&#10;SP:  11011110 11110000&#10;PC:  00000000 00010000&#10;     76543210&#10;B:   00010010&#10;C:   00110100&#10;D:   01010110&#10;E:   01111000&#10;H:   10011010&#10;L:   10111100&#10;M:   00000000&#10;A:   00110100&#10;     sz0h0p1c&#10;F:   00000010&#10;ts:  false&#10;tz:  false&#10;th:  false&#10;tp:  false&#10;tc:  false&#10;" expected="BC:  1234&#10;DE:  5678&#10;HL:  9A34&#10;AF:  0102&#10;SP:  DEF0&#10;PC:  0010&#10;B,C: 12 34&#10;D,E: 56 78&#10;H,L: 9A 34&#10;M:   00&#10;A,F: 01 02&#10;     76543210 76543210&#10;SP:  11011110 11110000&#10;PC:  00000000 00010000&#10;     76543210&#10;B:   00010010&#10;C:   00110100&#10;D:   01010110&#10;E:   01111000&#10;H:   10011010&#10;L:   00110100&#10;M:   00000000&#10;A:   00000001&#10;     sz0h0p1c&#10;F:   00000010&#10;ts:  false&#10;tz:  false&#10;th:  false&#10;tp:  false&#10;tc:  false&#10;"/>
        <output type="stderr">org.junit.ComparisonFailure: &#13;
	at org.junit.Assert.assertEquals(Assert.java:117)&#13;
	at org.junit.Assert.assertEquals(Assert.java:146)&#13;
	at spec.stuff.SmartAssert.assertEquals(SmartAssert.java:42)&#13;
	at spec.stuff.AbstractTest.asrtCpu(AbstractTest.java:103)&#13;
	at spec.CpuTest.code79__MOV_A_C(CpuTest.java:6499)&#13;
	at java.base/jdk.internal.reflect.NativeMethodAccessorImpl.invoke0(Native Method)&#13;
	at java.base/jdk.internal.reflect.NativeMethodAccessorImpl.invoke(NativeMethodAccessorImpl.java:62)&#13;
	at java.base/jdk.internal.reflect.DelegatingMethodAccessorImpl.invoke(DelegatingMethodAccessorImpl.java:43)&#13;
	at java.base/java.lang.reflect.Method.invoke(Method.java:566)&#13;
	at org.junit.runners.model.FrameworkMethod$1.runReflectiveCall(FrameworkMethod.java:59)&#13;
	at org.junit.internal.runners.model.ReflectiveCallable.run(ReflectiveCallable.java:12)&#13;
	at org.junit.runners.model.FrameworkMethod.invokeExplosively(FrameworkMethod.java:56)&#13;
	at org.junit.internal.runners.statements.InvokeMethod.evaluate(InvokeMethod.java:17)&#13;
	at org.junit.internal.runners.statements.RunBefores.evaluate(RunBefores.java:26)&#13;
	at org.junit.internal.runners.statements.RunAfters.evaluate(RunAfters.java:27)&#13;
	at org.junit.runners.ParentRunner$3.evaluate(ParentRunner.java:306)&#13;
	at org.junit.runners.BlockJUnit4ClassRunner$1.evaluate(BlockJUnit4ClassRunner.java:100)&#13;
	at org.junit.runners.ParentRunner.runLeaf(ParentRunner.java:366)&#13;
	at org.junit.runners.BlockJUnit4ClassRunner.runChild(BlockJUnit4ClassRunner.java:103)&#13;
	at org.junit.runners.BlockJUnit4ClassRunner.runChild(BlockJUnit4ClassRunner.java:63)&#13;
	at org.junit.runners.ParentRunner$4.run(ParentRunner.java:331)&#13;
	at org.junit.runners.ParentRunner$1.schedule(ParentRunner.java:79)&#13;
	at org.junit.runners.ParentRunner.runChildren(ParentRunner.java:329)&#13;
	at org.junit.runners.ParentRunner.access$100(ParentRunner.java:66)&#13;
	at org.junit.runners.ParentRunner$2.evaluate(ParentRunner.java:293)&#13;
	at org.junit.runners.ParentRunner$3.evaluate(ParentRunner.java:306)&#13;
	at org.junit.runners.ParentRunner.run(ParentRunner.java:413)&#13;
	at org.junit.runner.JUnitCore.run(JUnitCore.java:137)&#13;
	at com.intellij.junit4.JUnit4IdeaTestRunner.startRunnerWithArgs(JUnit4IdeaTestRunner.java:69)&#13;
	at com.intellij.rt.junit.IdeaTestRunner$Repeater$1.execute(IdeaTestRunner.java:38)&#13;
	at com.intellij.rt.execution.junit.TestsRepeater.repeat(TestsRepeater.java:11)&#13;
	at com.intellij.rt.junit.IdeaTestRunner$Repeater.startRunnerWithArgs(IdeaTestRunner.java:35)&#13;
	at com.intellij.rt.junit.JUnitStarter.prepareStreamsAndStart(JUnitStarter.java:232)&#13;
	at com.intellij.rt.junit.JUnitStarter.main(JUnitStarter.java:55)&#13;
</output>
    </test>
    <test duration="3" locationUrl="java:test://spec.CpuTest/code13__INX_D__c0__ignoredOverflow" name="CpuTest.code13__INX_D__c0__ignoredOverflow" status="passed"/>
    <test duration="2" locationUrl="java:test://spec.CpuTest/code6B__MOV_L_E" name="CpuTest.code6B__MOV_L_E" status="passed"/>
    <test duration="2" locationUrl="java:test://spec.CpuTest/code32__STA_XXYY" name="CpuTest.code32__STA_XXYY" status="passed"/>
    <test duration="3" locationUrl="java:test://spec.CpuTest/code1C__INR_E__c0" name="CpuTest.code1C__INR_E__c0" status="passed"/>
    <test duration="2" locationUrl="java:test://spec.CpuTest/code55__MOV_D_L" name="CpuTest.code55__MOV_D_L" status="passed"/>
    <test duration="2" locationUrl="java:test://spec.CpuTest/code20__NONE" name="CpuTest.code20__NONE" status="passed"/>
    <test duration="4" locationUrl="java:test://spec.CpuTest/code78__MOV_A_B" name="CpuTest.code78__MOV_A_B" status="failed">
        <diff actual="BC:  1234&#10;DE:  5678&#10;HL:  9ABC&#10;AF:  1202&#10;SP:  DEF0&#10;PC:  0010&#10;B,C: 12 34&#10;D,E: 56 78&#10;H,L: 9A BC&#10;M:   00&#10;A,F: 12 02&#10;     76543210 76543210&#10;SP:  11011110 11110000&#10;PC:  00000000 00010000&#10;     76543210&#10;B:   00010010&#10;C:   00110100&#10;D:   01010110&#10;E:   01111000&#10;H:   10011010&#10;L:   10111100&#10;M:   00000000&#10;A:   00010010&#10;     sz0h0p1c&#10;F:   00000010&#10;ts:  false&#10;tz:  false&#10;th:  false&#10;tp:  false&#10;tc:  false&#10;" expected="BC:  1234&#10;DE:  5678&#10;HL:  9A12&#10;AF:  0102&#10;SP:  DEF0&#10;PC:  0010&#10;B,C: 12 34&#10;D,E: 56 78&#10;H,L: 9A 12&#10;M:   00&#10;A,F: 01 02&#10;     76543210 76543210&#10;SP:  11011110 11110000&#10;PC:  00000000 00010000&#10;     76543210&#10;B:   00010010&#10;C:   00110100&#10;D:   01010110&#10;E:   01111000&#10;H:   10011010&#10;L:   00010010&#10;M:   00000000&#10;A:   00000001&#10;     sz0h0p1c&#10;F:   00000010&#10;ts:  false&#10;tz:  false&#10;th:  false&#10;tp:  false&#10;tc:  false&#10;"/>
        <output type="stderr">org.junit.ComparisonFailure: &#13;
	at org.junit.Assert.assertEquals(Assert.java:117)&#13;
	at org.junit.Assert.assertEquals(Assert.java:146)&#13;
	at spec.stuff.SmartAssert.assertEquals(SmartAssert.java:42)&#13;
	at spec.stuff.AbstractTest.asrtCpu(AbstractTest.java:103)&#13;
	at spec.CpuTest.code78__MOV_A_B(CpuTest.java:6444)&#13;
	at java.base/jdk.internal.reflect.NativeMethodAccessorImpl.invoke0(Native Method)&#13;
	at java.base/jdk.internal.reflect.NativeMethodAccessorImpl.invoke(NativeMethodAccessorImpl.java:62)&#13;
	at java.base/jdk.internal.reflect.DelegatingMethodAccessorImpl.invoke(DelegatingMethodAccessorImpl.java:43)&#13;
	at java.base/java.lang.reflect.Method.invoke(Method.java:566)&#13;
	at org.junit.runners.model.FrameworkMethod$1.runReflectiveCall(FrameworkMethod.java:59)&#13;
	at org.junit.internal.runners.model.ReflectiveCallable.run(ReflectiveCallable.java:12)&#13;
	at org.junit.runners.model.FrameworkMethod.invokeExplosively(FrameworkMethod.java:56)&#13;
	at org.junit.internal.runners.statements.InvokeMethod.evaluate(InvokeMethod.java:17)&#13;
	at org.junit.internal.runners.statements.RunBefores.evaluate(RunBefores.java:26)&#13;
	at org.junit.internal.runners.statements.RunAfters.evaluate(RunAfters.java:27)&#13;
	at org.junit.runners.ParentRunner$3.evaluate(ParentRunner.java:306)&#13;
	at org.junit.runners.BlockJUnit4ClassRunner$1.evaluate(BlockJUnit4ClassRunner.java:100)&#13;
	at org.junit.runners.ParentRunner.runLeaf(ParentRunner.java:366)&#13;
	at org.junit.runners.BlockJUnit4ClassRunner.runChild(BlockJUnit4ClassRunner.java:103)&#13;
	at org.junit.runners.BlockJUnit4ClassRunner.runChild(BlockJUnit4ClassRunner.java:63)&#13;
	at org.junit.runners.ParentRunner$4.run(ParentRunner.java:331)&#13;
	at org.junit.runners.ParentRunner$1.schedule(ParentRunner.java:79)&#13;
	at org.junit.runners.ParentRunner.runChildren(ParentRunner.java:329)&#13;
	at org.junit.runners.ParentRunner.access$100(ParentRunner.java:66)&#13;
	at org.junit.runners.ParentRunner$2.evaluate(ParentRunner.java:293)&#13;
	at org.junit.runners.ParentRunner$3.evaluate(ParentRunner.java:306)&#13;
	at org.junit.runners.ParentRunner.run(ParentRunner.java:413)&#13;
	at org.junit.runner.JUnitCore.run(JUnitCore.java:137)&#13;
	at com.intellij.junit4.JUnit4IdeaTestRunner.startRunnerWithArgs(JUnit4IdeaTestRunner.java:69)&#13;
	at com.intellij.rt.junit.IdeaTestRunner$Repeater$1.execute(IdeaTestRunner.java:38)&#13;
	at com.intellij.rt.execution.junit.TestsRepeater.repeat(TestsRepeater.java:11)&#13;
	at com.intellij.rt.junit.IdeaTestRunner$Repeater.startRunnerWithArgs(IdeaTestRunner.java:35)&#13;
	at com.intellij.rt.junit.JUnitStarter.prepareStreamsAndStart(JUnitStarter.java:232)&#13;
	at com.intellij.rt.junit.JUnitStarter.main(JUnitStarter.java:55)&#13;
</output>
    </test>
    <test duration="3" locationUrl="java:test://spec.CpuTest/code6A__MOV_L_D" name="CpuTest.code6A__MOV_L_D" status="passed"/>
    <test duration="2" locationUrl="java:test://spec.CpuTest/code2E__MVI_L" name="CpuTest.code2E__MVI_L" status="passed"/>
    <test duration="3" locationUrl="java:test://spec.CpuTest/code54__MOV_D_H" name="CpuTest.code54__MOV_D_H" status="passed"/>
    <test duration="2" locationUrl="java:test://spec.CpuTest/code1D__DCR_E" name="CpuTest.code1D__DCR_E" status="passed"/>
    <test duration="3" locationUrl="java:test://spec.CpuTest/code0C__INR_C__c0" name="CpuTest.code0C__INR_C__c0" status="passed"/>
    <test duration="2" locationUrl="java:test://spec.CpuTest/code38__NONE" name="CpuTest.code38__NONE" status="passed"/>
    <test duration="3" locationUrl="java:test://spec.CpuTest/code77__MOV_M_A" name="CpuTest.code77__MOV_M_A" status="passed"/>
    <test duration="5" locationUrl="java:test://spec.CpuTest/code33__INX_SP" name="CpuTest.code33__INX_SP" status="passed"/>
    <test duration="2" locationUrl="java:test://spec.CpuTest/code23__INX_H__c0__ignoredOverflow" name="CpuTest.code23__INX_H__c0__ignoredOverflow" status="passed"/>
    <test duration="2" locationUrl="java:test://spec.CpuTest/code53__MOV_D_E" name="CpuTest.code53__MOV_D_E" status="passed"/>
    <test duration="3" locationUrl="java:test://spec.CpuTest/code35__DCR_M" name="CpuTest.code35__DCR_M" status="passed"/>
    <test duration="3" locationUrl="java:test://spec.CpuTest/code09__DAD_SP__c0" name="CpuTest.code09__DAD_SP__c0" status="passed"/>
    <test duration="2" locationUrl="java:test://spec.CpuTest/code52__MOV_D_D" name="CpuTest.code52__MOV_D_D" status="passed"/>
    <test duration="2" locationUrl="java:test://spec.CpuTest/testAssertMem" name="CpuTest.testAssertMem" status="passed"/>
    <test duration="2" locationUrl="java:test://spec.CpuTest/code13__INX_D" name="CpuTest.code13__INX_D" status="passed"/>
    <test duration="2" locationUrl="java:test://spec.CpuTest/code31__LXI_SP_XXYY" name="CpuTest.code31__LXI_SP_XXYY" status="passed"/>
    <test duration="3" locationUrl="java:test://spec.CpuTest/code75__MOV_M_L" name="CpuTest.code75__MOV_M_L" status="passed"/>
    <test duration="3" locationUrl="java:test://spec.CpuTest/codeD9__NONE" name="CpuTest.codeD9__NONE" status="passed"/>
    <test duration="2" locationUrl="java:test://spec.CpuTest/code51__MOV_D_C" name="CpuTest.code51__MOV_D_C" status="passed"/>
</testrun>
